<?xml version="1.0" encoding="UTF-8"?>
<!-- Generated by org.testng.reporters.JUnitReportReporter -->
<testsuite skipped="0" hostname="DESKTOP-G66AB7M" name="testcases.TestCase1" tests="2" failures="0" timestamp="2021-12-04T19:23:27 IST" time="12.616" errors="0">
  <testcase name="columnTest" time="0.534" classname="testcases.TestCase1"/>
  <system-out/>
  <testcase name="loginHrmTest" time="12.082" classname="testcases.TestCase1"/>
  <system-out/>
</testsuite> <!-- testcases.TestCase1 -->
